Performing C SOURCE FILE Test CMAKE_HAVE_LIBC_PTHREAD failed with the following output:
Change Dir: /work/code/deribit/api/binance/readresult/build/CMakeFiles/CMakeTmp

Run Build Command(s):/opt/rh/devtoolset-10/root/usr/bin/gmake -f Makefile cmTC_335b0/fast && /opt/rh/devtoolset-10/root/usr/bin/gmake  -f CMakeFiles/cmTC_335b0.dir/build.make CMakeFiles/cmTC_335b0.dir/build
gmake[1]: Entering directory '/work/code/deribit/api/binance/readresult/build/CMakeFiles/CMakeTmp'
Building C object CMakeFiles/cmTC_335b0.dir/src.c.o
/opt/rh/devtoolset-10/root/usr/bin/cc -DCMAKE_HAVE_LIBC_PTHREAD   -o CMakeFiles/cmTC_335b0.dir/src.c.o -c /work/code/deribit/api/binance/readresult/build/CMakeFiles/CMakeTmp/src.c
Linking C executable cmTC_335b0
/usr/local/bin/cmake -E cmake_link_script CMakeFiles/cmTC_335b0.dir/link.txt --verbose=1
/opt/rh/devtoolset-10/root/usr/bin/cc CMakeFiles/cmTC_335b0.dir/src.c.o -o cmTC_335b0 
/opt/rh/devtoolset-10/root/usr/libexec/gcc/x86_64-redhat-linux/10/ld: CMakeFiles/cmTC_335b0.dir/src.c.o: in function `main':
src.c:(.text+0x2d): undefined reference to `pthread_create'
/opt/rh/devtoolset-10/root/usr/libexec/gcc/x86_64-redhat-linux/10/ld: src.c:(.text+0x39): undefined reference to `pthread_detach'
/opt/rh/devtoolset-10/root/usr/libexec/gcc/x86_64-redhat-linux/10/ld: src.c:(.text+0x45): undefined reference to `pthread_cancel'
/opt/rh/devtoolset-10/root/usr/libexec/gcc/x86_64-redhat-linux/10/ld: src.c:(.text+0x56): undefined reference to `pthread_join'
/opt/rh/devtoolset-10/root/usr/libexec/gcc/x86_64-redhat-linux/10/ld: src.c:(.text+0x6a): undefined reference to `pthread_atfork'
collect2: error: ld returned 1 exit status
gmake[1]: *** [CMakeFiles/cmTC_335b0.dir/build.make:99: cmTC_335b0] Error 1
gmake[1]: Leaving directory '/work/code/deribit/api/binance/readresult/build/CMakeFiles/CMakeTmp'
gmake: *** [Makefile:127: cmTC_335b0/fast] Error 2


Source file was:
#include <pthread.h>

static void* test_func(void* data)
{
  return data;
}

int main(void)
{
  pthread_t thread;
  pthread_create(&thread, NULL, test_func, NULL);
  pthread_detach(thread);
  pthread_cancel(thread);
  pthread_join(thread, NULL);
  pthread_atfork(NULL, NULL, NULL);
  pthread_exit(NULL);

  return 0;
}

Determining if the function pthread_create exists in the pthreads failed with the following output:
Change Dir: /work/code/deribit/api/binance/readresult/build/CMakeFiles/CMakeTmp

Run Build Command(s):/opt/rh/devtoolset-10/root/usr/bin/gmake -f Makefile cmTC_2459f/fast && /opt/rh/devtoolset-10/root/usr/bin/gmake  -f CMakeFiles/cmTC_2459f.dir/build.make CMakeFiles/cmTC_2459f.dir/build
gmake[1]: Entering directory '/work/code/deribit/api/binance/readresult/build/CMakeFiles/CMakeTmp'
Building C object CMakeFiles/cmTC_2459f.dir/CheckFunctionExists.c.o
/opt/rh/devtoolset-10/root/usr/bin/cc   -DCHECK_FUNCTION_EXISTS=pthread_create -o CMakeFiles/cmTC_2459f.dir/CheckFunctionExists.c.o -c /usr/local/share/cmake-3.22/Modules/CheckFunctionExists.c
Linking C executable cmTC_2459f
/usr/local/bin/cmake -E cmake_link_script CMakeFiles/cmTC_2459f.dir/link.txt --verbose=1
/opt/rh/devtoolset-10/root/usr/bin/cc  -DCHECK_FUNCTION_EXISTS=pthread_create CMakeFiles/cmTC_2459f.dir/CheckFunctionExists.c.o -o cmTC_2459f  -lpthreads 
/opt/rh/devtoolset-10/root/usr/libexec/gcc/x86_64-redhat-linux/10/ld: cannot find -lpthreads
collect2: error: ld returned 1 exit status
gmake[1]: *** [CMakeFiles/cmTC_2459f.dir/build.make:99: cmTC_2459f] Error 1
gmake[1]: Leaving directory '/work/code/deribit/api/binance/readresult/build/CMakeFiles/CMakeTmp'
gmake: *** [Makefile:127: cmTC_2459f/fast] Error 2



