20240626-09:08:20.273389000 : Created session
20240626-09:10:54.593526000 : Created session
20240626-09:13:09.521318000 : Created session
20240626-09:14:28.488422000 : Created session
20240626-09:15:07.530087000 : Created session
20240626-09:16:02.273836000 : Created session
20240626-09:17:07.242181000 : Created session
20240626-09:20:04.047622000 : Created session
20240626-09:20:04.048959000 : Connecting to test.deribit.com on port 9881 (Source :0)
20240626-09:26:15.176190000 : Created session
20240626-09:26:15.177199000 : Connecting to test.deribit.com on port 9883 (Source :0)
20240626-09:27:25.369808000 : Created session
20240626-09:27:25.371063000 : Connecting to test.deribit.com:9881 on port 9883 (Source :0)
20240626-09:27:37.182695000 : Created session
20240626-09:27:37.183750000 : Connecting to test.deribit.com:9881 on port 9880 (Source :0)
20240626-09:33:51.520564000 : Created session
20240626-09:34:34.567551000 : Created session
20240626-09:35:06.817573000 : Created session
20240626-09:36:24.755657000 : Created session
20240626-09:37:45.468995000 : Created session
20240626-09:37:45.469992000 : Connecting to test.deribit.com on port 9881 (Source :0)
20240626-09:37:45.823934000 : Initiated logon request
20240626-09:37:46.129016000 : Message 1 Rejected: CompID problem
20240626-09:37:46.129157000 : Tried to send a reject while not logged on
20240626-09:37:46.129268000 : Disconnecting
20240626-09:37:46.130564000 : Initiated logon request
20240626-09:38:22.278595000 : Created session
20240626-09:38:22.279800000 : Connecting to test.deribit.com on port 9881 (Source :0)
20240626-09:38:22.593833000 : Initiated logon request
20240626-09:38:22.899788000 : Logon state is not valid for message
20240626-09:38:22.899936000 : Disconnecting
20240626-09:38:22.901017000 : Initiated logon request
20240626-09:39:41.970672000 : Created session
20240626-09:39:41.971775000 : Connecting to test.deribit.com on port 9881 (Source :0)
20240626-09:39:42.291689000 : Initiated logon request
20240626-09:39:42.596165000 : Logon state is not valid for message
20240626-09:39:42.596296000 : Disconnecting
20240626-09:39:42.597361000 : Initiated logon request
20240626-09:51:18.429054000 : Created session
20240626-09:51:18.430159000 : Connecting to test.deribit.com on port 9881 (Source :0)
20240626-09:51:18.746787000 : Initiated logon request
20240626-09:51:19.051397000 : Logon state is not valid for message
20240626-09:51:19.051538000 : Disconnecting
20240626-09:51:19.052648000 : Initiated logon request
20240626-09:51:50.227598000 : Created session
20240626-09:51:50.228812000 : Connecting to test.deribit.com on port 9883 (Source :0)
20240626-09:51:50.581164000 : Initiated logon request
20240626-09:51:50.885097000 : Socket Error: Connection reset by peer.
20240626-09:51:50.885328000 : Disconnecting
20240626-09:52:24.953546000 : Created session
20240626-09:52:24.954587000 : Connecting to test.deribit.com on port 9881 (Source :0)
20240626-09:52:25.269785000 : Initiated logon request
20240626-09:52:25.574038000 : Logon state is not valid for message
20240626-09:52:25.574183000 : Disconnecting
20240626-09:52:25.575228000 : Initiated logon request
20240626-10:00:27.405621000 : Created session
20240626-10:00:27.406743000 : Connecting to test.deribit.com on port 9883 (Source :0)
20240626-10:00:27.760305000 : Initiated logon request
20240626-10:00:28.064499000 : Socket Error: Connection reset by peer.
20240626-10:00:28.064699000 : Disconnecting
20240626-10:01:10.980000000 : Created session
20240626-10:01:10.980975000 : Connecting to test.deribit.com on port 9880 (Source :0)
20240626-10:01:35.357931000 : Created session
20240626-10:01:35.358977000 : Connecting to test.deribit.com on port 9881 (Source :0)
20240626-10:01:35.668021000 : Initiated logon request
20240626-10:01:35.972482000 : Logon state is not valid for message
20240626-10:01:35.972662000 : Disconnecting
20240626-10:01:35.974069000 : Initiated logon request
