20240628-03:45:04.603419000 : Created session
20240628-03:45:04.604569000 : Connecting to test.deribit.com on port 9881 (Source :0)
20240628-03:45:05.000950000 : Initiated logon request
20240628-03:45:05.295019000 : Received logout request
20240628-03:45:05.296582000 : Sending logout response
20240628-03:45:05.296828000 : Disconnecting
20240628-03:45:05.298130000 : Initiated logon request
20240628-03:45:34.638292000 : Connecting to test.deribit.com on port 9881 (Source :0)
20240628-03:45:34.938486000 : Initiated logon request
20240628-03:45:35.231078000 : Logon state is not valid for message
20240628-03:45:35.231199000 : Disconnecting
20240628-03:45:35.232408000 : Initiated logon request
20240628-03:48:27.547832000 : Created session
20240628-03:48:27.549079000 : Connecting to www.deribit.com on port 9881 (Source :0)
20240628-03:48:27.850535000 : Initiated logon request
20240628-03:48:28.144687000 : Logon state is not valid for message
20240628-03:48:28.144832000 : Disconnecting
20240628-03:48:28.146443000 : Initiated logon request
20240628-04:02:50.144698000 : Created session
20240628-04:02:50.145714000 : Connecting to www.deribit.com on port 9881 (Source :0)
20240628-04:02:50.452907000 : Initiated logon request
20240628-04:02:50.747228000 : Logon state is not valid for message
20240628-04:02:50.747388000 : Disconnecting
20240628-04:02:50.748909000 : Initiated logon request
20240628-05:45:38.467210000 : Created session
20240628-05:45:38.468857000 : Connecting to www.deribit.com on port 9881 (Source :0)
20240628-05:45:38.775783000 : Initiated logon request
20240628-05:45:39.070607000 : Logon state is not valid for message
20240628-05:45:39.070728000 : Disconnecting
20240628-05:45:39.071952000 : Initiated logon request
20240628-05:46:17.906252000 : Created session
20240628-05:46:17.907385000 : Connecting to www.deribit.com on port 9881 (Source :0)
20240628-05:46:18.215164000 : Initiated logon request
20240628-05:46:18.509457000 : Logon state is not valid for message
20240628-05:46:18.509593000 : Disconnecting
20240628-05:46:18.510877000 : Initiated logon request
