Performing C SOURCE FILE Test CMAKE_HAVE_LIBC_PTHREAD failed with the following output:
Change Dir: /work/code/deribit/api/binance/trade_aggtrade/build/CMakeFiles/CMakeTmp

Run Build Command(s):/opt/rh/devtoolset-10/root/usr/bin/gmake -f Makefile cmTC_fc3f1/fast && /opt/rh/devtoolset-10/root/usr/bin/gmake  -f CMakeFiles/cmTC_fc3f1.dir/build.make CMakeFiles/cmTC_fc3f1.dir/build
gmake[1]: Entering directory '/work/code/deribit/api/binance/trade_aggtrade/build/CMakeFiles/CMakeTmp'
Building C object CMakeFiles/cmTC_fc3f1.dir/src.c.o
/opt/rh/devtoolset-10/root/usr/bin/cc -DCMAKE_HAVE_LIBC_PTHREAD   -o CMakeFiles/cmTC_fc3f1.dir/src.c.o -c /work/code/deribit/api/binance/trade_aggtrade/build/CMakeFiles/CMakeTmp/src.c
Linking C executable cmTC_fc3f1
/usr/local/bin/cmake -E cmake_link_script CMakeFiles/cmTC_fc3f1.dir/link.txt --verbose=1
/opt/rh/devtoolset-10/root/usr/bin/cc CMakeFiles/cmTC_fc3f1.dir/src.c.o -o cmTC_fc3f1 
/opt/rh/devtoolset-10/root/usr/libexec/gcc/x86_64-redhat-linux/10/ld: CMakeFiles/cmTC_fc3f1.dir/src.c.o: in function `main':
src.c:(.text+0x2d): undefined reference to `pthread_create'
/opt/rh/devtoolset-10/root/usr/libexec/gcc/x86_64-redhat-linux/10/ld: src.c:(.text+0x39): undefined reference to `pthread_detach'
/opt/rh/devtoolset-10/root/usr/libexec/gcc/x86_64-redhat-linux/10/ld: src.c:(.text+0x45): undefined reference to `pthread_cancel'
/opt/rh/devtoolset-10/root/usr/libexec/gcc/x86_64-redhat-linux/10/ld: src.c:(.text+0x56): undefined reference to `pthread_join'
/opt/rh/devtoolset-10/root/usr/libexec/gcc/x86_64-redhat-linux/10/ld: src.c:(.text+0x6a): undefined reference to `pthread_atfork'
collect2: error: ld returned 1 exit status
gmake[1]: *** [CMakeFiles/cmTC_fc3f1.dir/build.make:99: cmTC_fc3f1] Error 1
gmake[1]: Leaving directory '/work/code/deribit/api/binance/trade_aggtrade/build/CMakeFiles/CMakeTmp'
gmake: *** [Makefile:127: cmTC_fc3f1/fast] Error 2


Source file was:
#include <pthread.h>

static void* test_func(void* data)
{
  return data;
}

int main(void)
{
  pthread_t thread;
  pthread_create(&thread, NULL, test_func, NULL);
  pthread_detach(thread);
  pthread_cancel(thread);
  pthread_join(thread, NULL);
  pthread_atfork(NULL, NULL, NULL);
  pthread_exit(NULL);

  return 0;
}

Determining if the function pthread_create exists in the pthreads failed with the following output:
Change Dir: /work/code/deribit/api/binance/trade_aggtrade/build/CMakeFiles/CMakeTmp

Run Build Command(s):/opt/rh/devtoolset-10/root/usr/bin/gmake -f Makefile cmTC_476be/fast && /opt/rh/devtoolset-10/root/usr/bin/gmake  -f CMakeFiles/cmTC_476be.dir/build.make CMakeFiles/cmTC_476be.dir/build
gmake[1]: Entering directory '/work/code/deribit/api/binance/trade_aggtrade/build/CMakeFiles/CMakeTmp'
Building C object CMakeFiles/cmTC_476be.dir/CheckFunctionExists.c.o
/opt/rh/devtoolset-10/root/usr/bin/cc   -DCHECK_FUNCTION_EXISTS=pthread_create -o CMakeFiles/cmTC_476be.dir/CheckFunctionExists.c.o -c /usr/local/share/cmake-3.22/Modules/CheckFunctionExists.c
Linking C executable cmTC_476be
/usr/local/bin/cmake -E cmake_link_script CMakeFiles/cmTC_476be.dir/link.txt --verbose=1
/opt/rh/devtoolset-10/root/usr/bin/cc  -DCHECK_FUNCTION_EXISTS=pthread_create CMakeFiles/cmTC_476be.dir/CheckFunctionExists.c.o -o cmTC_476be  -lpthreads 
/opt/rh/devtoolset-10/root/usr/libexec/gcc/x86_64-redhat-linux/10/ld: cannot find -lpthreads
collect2: error: ld returned 1 exit status
gmake[1]: *** [CMakeFiles/cmTC_476be.dir/build.make:99: cmTC_476be] Error 1
gmake[1]: Leaving directory '/work/code/deribit/api/binance/trade_aggtrade/build/CMakeFiles/CMakeTmp'
gmake: *** [Makefile:127: cmTC_476be/fast] Error 2



Compiling the C compiler identification source file "CMakeCCompilerId.c" failed.
Compiler: /opt/rh/devtoolset-10/root/usr/bin/cc 
Build flags: 
Id flags:  

The output was:
No such file or directory


Compiling the C compiler identification source file "CMakeCCompilerId.c" failed.
Compiler: /opt/rh/devtoolset-10/root/usr/bin/cc 
Build flags: 
Id flags: -c 

The output was:
No such file or directory


Compiling the C compiler identification source file "CMakeCCompilerId.c" failed.
Compiler: /opt/rh/devtoolset-10/root/usr/bin/cc 
Build flags: 
Id flags: -Aa 

The output was:
No such file or directory


Compiling the C compiler identification source file "CMakeCCompilerId.c" failed.
Compiler: /opt/rh/devtoolset-10/root/usr/bin/cc 
Build flags: 
Id flags: -D__CLASSIC_C__ 

The output was:
No such file or directory


Compiling the C compiler identification source file "CMakeCCompilerId.c" failed.
Compiler: /opt/rh/devtoolset-10/root/usr/bin/cc 
Build flags: 
Id flags: --target=arm-arm-none-eabi;-mcpu=cortex-m3 

The output was:
No such file or directory


Compiling the C compiler identification source file "CMakeCCompilerId.c" failed.
Compiler: /opt/rh/devtoolset-10/root/usr/bin/cc 
Build flags: 
Id flags: -c;-I__does_not_exist__ 

The output was:
No such file or directory


Compiling the C compiler identification source file "CMakeCCompilerId.c" failed.
Compiler: /opt/rh/devtoolset-10/root/usr/bin/cc 
Build flags: 
Id flags:  

The output was:
No such file or directory


Compiling the C compiler identification source file "CMakeCCompilerId.c" failed.
Compiler: /opt/rh/devtoolset-10/root/usr/bin/cc 
Build flags: 
Id flags: -c 

The output was:
No such file or directory


Compiling the C compiler identification source file "CMakeCCompilerId.c" failed.
Compiler: /opt/rh/devtoolset-10/root/usr/bin/cc 
Build flags: 
Id flags: -Aa 

The output was:
No such file or directory


Compiling the C compiler identification source file "CMakeCCompilerId.c" failed.
Compiler: /opt/rh/devtoolset-10/root/usr/bin/cc 
Build flags: 
Id flags: -D__CLASSIC_C__ 

The output was:
No such file or directory


Compiling the C compiler identification source file "CMakeCCompilerId.c" failed.
Compiler: /opt/rh/devtoolset-10/root/usr/bin/cc 
Build flags: 
Id flags: --target=arm-arm-none-eabi;-mcpu=cortex-m3 

The output was:
No such file or directory


Compiling the C compiler identification source file "CMakeCCompilerId.c" failed.
Compiler: /opt/rh/devtoolset-10/root/usr/bin/cc 
Build flags: 
Id flags: -c;-I__does_not_exist__ 

The output was:
No such file or directory


Checking whether the C compiler is IAR using "" did not match "IAR .+ Compiler":
Checking whether the C compiler is IAR using "" did not match "IAR .+ Compiler":
Compiling the CXX compiler identification source file "CMakeCXXCompilerId.cpp" failed.
Compiler: /opt/rh/devtoolset-10/root/usr/bin/c++ 
Build flags: 
Id flags:  

The output was:
No such file or directory


Compiling the CXX compiler identification source file "CMakeCXXCompilerId.cpp" failed.
Compiler: /opt/rh/devtoolset-10/root/usr/bin/c++ 
Build flags: 
Id flags: -c 

The output was:
No such file or directory


Compiling the CXX compiler identification source file "CMakeCXXCompilerId.cpp" failed.
Compiler: /opt/rh/devtoolset-10/root/usr/bin/c++ 
Build flags: 
Id flags: --c++ 

The output was:
No such file or directory


Compiling the CXX compiler identification source file "CMakeCXXCompilerId.cpp" failed.
Compiler: /opt/rh/devtoolset-10/root/usr/bin/c++ 
Build flags: 
Id flags: --ec++ 

The output was:
No such file or directory


Compiling the CXX compiler identification source file "CMakeCXXCompilerId.cpp" failed.
Compiler: /opt/rh/devtoolset-10/root/usr/bin/c++ 
Build flags: 
Id flags: --target=arm-arm-none-eabi;-mcpu=cortex-m3 

The output was:
No such file or directory


Compiling the CXX compiler identification source file "CMakeCXXCompilerId.cpp" failed.
Compiler: /opt/rh/devtoolset-10/root/usr/bin/c++ 
Build flags: 
Id flags: -c;-I__does_not_exist__ 

The output was:
No such file or directory


Compiling the CXX compiler identification source file "CMakeCXXCompilerId.cpp" failed.
Compiler: /opt/rh/devtoolset-10/root/usr/bin/c++ 
Build flags: 
Id flags:  

The output was:
No such file or directory


Compiling the CXX compiler identification source file "CMakeCXXCompilerId.cpp" failed.
Compiler: /opt/rh/devtoolset-10/root/usr/bin/c++ 
Build flags: 
Id flags: -c 

The output was:
No such file or directory


Compiling the CXX compiler identification source file "CMakeCXXCompilerId.cpp" failed.
Compiler: /opt/rh/devtoolset-10/root/usr/bin/c++ 
Build flags: 
Id flags: --c++ 

The output was:
No such file or directory


Compiling the CXX compiler identification source file "CMakeCXXCompilerId.cpp" failed.
Compiler: /opt/rh/devtoolset-10/root/usr/bin/c++ 
Build flags: 
Id flags: --ec++ 

The output was:
No such file or directory


Compiling the CXX compiler identification source file "CMakeCXXCompilerId.cpp" failed.
Compiler: /opt/rh/devtoolset-10/root/usr/bin/c++ 
Build flags: 
Id flags: --target=arm-arm-none-eabi;-mcpu=cortex-m3 

The output was:
No such file or directory


Compiling the CXX compiler identification source file "CMakeCXXCompilerId.cpp" failed.
Compiler: /opt/rh/devtoolset-10/root/usr/bin/c++ 
Build flags: 
Id flags: -c;-I__does_not_exist__ 

The output was:
No such file or directory


Checking whether the CXX compiler is IAR using "" did not match "IAR .+ Compiler":
Checking whether the CXX compiler is IAR using "" did not match "IAR .+ Compiler":
